%!Adobe-FontList 1.14
%Locale:0x409

%BeginFont
Handler:DirectoryHandler
FontType:Type1
FontName:MinionPro-Regular
FamilyName:Minion Pro
StyleName:Regular
MenuName:Minion Pro
StyleBits:0
WeightClass:400
WidthClass:5
AngleClass:0
FullName:Minion Pro
WritingScript:Roman
OutlineFileName:\MinionPro-Regular.otf
DataFormat:sfntData
UsesStandardEncoding:yes
isCFF:yes
FileLength:217280
FileModTime:1329303226
DesignSize:110
%EndFont

%BeginFont
Handler:DirectoryHandler
FontType:TrueType
FontName:LHFBillhead1890
FamilyName:LHF Billhead 1890
StyleName:Regular
MenuName:LHF Billhead 1890
StyleBits:0
WeightClass:500
WidthClass:5
AngleClass:0
FullName:LHF Billhead 1890
WritingScript:Roman
OutlineFileName:\ufonts.com_lhf-billhead-1890.ttf
DataFormat:sfntData
FileLength:63980
FileModTime:1410302614
%EndFont

%BeginFont
Handler:DirectoryHandler
FontType:TrueType
FontName:LHFBillhead1910
FamilyName:LHF Billhead 1910
StyleName:Regular
MenuName:LHF Billhead 1910
StyleBits:0
WeightClass:500
WidthClass:5
AngleClass:0
FullName:LHF Billhead 1910
WritingScript:Roman
OutlineFileName:\ufonts.com_lhf-billhead-1910.ttf
DataFormat:sfntData
FileLength:66044
FileModTime:1410302654
%EndFont

